{
  "C:/IBE/IBE-FrontendFolder/TEAM-18-KDU-IBE-FE/src/Constants/LanguageTranslator.ts": {
    "path": "C:/IBE/IBE-FrontendFolder/TEAM-18-KDU-IBE-FE/src/Constants/LanguageTranslator.ts",
    "statementMap": {
      "0": {
        "start": {
          "line": 6,
          "column": 18
        },
        "end": {
          "line": 16,
          "column": 1
        }
      },
      "1": {
        "start": {
          "line": 17,
          "column": 0
        },
        "end": {
          "line": 24,
          "column": 3
        }
      }
    },
    "fnMap": {},
    "branchMap": {},
    "s": {
      "0": 2,
      "1": 2
    },
    "f": {},
    "b": {},
    "inputSourceMap": {
      "version": 3,
      "sources": [
        "C:/IBE/IBE-FrontendFolder/TEAM-18-KDU-IBE-FE/src/Constants/LanguageTranslator.ts"
      ],
      "mappings": "AAAA,OAAO,UAAU;AACjB,SAAS,wBAAwB;AAEjC,OAAO,mBAAmB;AAC1B,OAAO,mBAAmB;AAC1B,OAAO,mBAAmB;AAE1B,MAAM,YAAY;AAAA,EAChB,IAAI;AAAA,IACF,aAAa;AAAA,EACf;AAAA,EACA,IAAI;AAAA,IACF,aAAa;AAAA,EACf;AAAA,EACA,IAAI;AAAA,IACF,aAAa;AAAA,EACf;AACF;AACA,KAAK,IAAI,gBAAgB,EAAE,KAAK;AAAA,EAC9B;AAAA,EACA,KAAK;AAAA,EACL,aAAa;AAAA,EACb,eAAe;AAAA,IACb,aAAa;AAAA,EACf;AACF,CAAC;AACD,eAAe;",
      "names": []
    },
    "_coverageSchema": "1a1c01bbd47fc00a2c39e90264f33305004495a9",
    "hash": "99ad59f8d7dcad4102971a26e070be0bbd6f56d6"
  },
  "C:/IBE/IBE-FrontendFolder/TEAM-18-KDU-IBE-FE/src/redux/CurrencySlice.ts": {
    "path": "C:/IBE/IBE-FrontendFolder/TEAM-18-KDU-IBE-FE/src/redux/CurrencySlice.ts",
    "statementMap": {
      "0": {
        "start": {
          "line": 2,
          "column": 21
        },
        "end": {
          "line": 5,
          "column": 1
        }
      },
      "1": {
        "start": {
          "line": 6,
          "column": 22
        },
        "end": {
          "line": 17,
          "column": 2
        }
      },
      "2": {
        "start": {
          "line": 11,
          "column": 6
        },
        "end": {
          "line": 11,
          "column": 47
        }
      },
      "3": {
        "start": {
          "line": 14,
          "column": 6
        },
        "end": {
          "line": 14,
          "column": 53
        }
      },
      "4": {
        "start": {
          "line": 18,
          "column": 67
        },
        "end": {
          "line": 18,
          "column": 88
        }
      },
      "5": {
        "start": {
          "line": 19,
          "column": 31
        },
        "end": {
          "line": 19,
          "column": 52
        }
      }
    },
    "fnMap": {
      "0": {
        "name": "(anonymous_0)",
        "decl": {
          "start": {
            "line": 10,
            "column": 30
          },
          "end": {
            "line": 10,
            "column": 31
          }
        },
        "loc": {
          "start": {
            "line": 10,
            "column": 49
          },
          "end": {
            "line": 12,
            "column": 5
          }
        },
        "line": 10
      },
      "1": {
        "name": "(anonymous_1)",
        "decl": {
          "start": {
            "line": 13,
            "column": 27
          },
          "end": {
            "line": 13,
            "column": 28
          }
        },
        "loc": {
          "start": {
            "line": 13,
            "column": 46
          },
          "end": {
            "line": 15,
            "column": 5
          }
        },
        "line": 13
      }
    },
    "branchMap": {},
    "s": {
      "0": 2,
      "1": 2,
      "2": 2,
      "3": 0,
      "4": 2,
      "5": 2
    },
    "f": {
      "0": 2,
      "1": 0
    },
    "b": {},
    "inputSourceMap": {
      "version": 3,
      "sources": [
        "C:/IBE/IBE-FrontendFolder/TEAM-18-KDU-IBE-FE/src/redux/CurrencySlice.ts"
      ],
      "mappings": "AAAA,SAAwB,mBAAmB;AAS3C,MAAM,eAA0C;AAAA,EAC9C,cAAc,CAAC;AAAA,EACf,yBAAyB;AAC3B;AACA,MAAM,gBAAgB,YAAY;AAAA,EAChC,MAAM;AAAA,EACN;AAAA,EACA,UAAU;AAAA,IACR,0BAA0B,CACxB,OACA,WACG;AACH,YAAM,eAAe,OAAO,QAAQ;AAAA,IACtC;AAAA,IACA,uBAAuB,CAAC,OAAO,WAAkC;AAC/D,YAAM,0BAA0B,OAAO;AAAA,IACzC;AAAA,EACF;AACF,CAAC;AACM,aAAM,EAAE,0BAA0B,sBAAsB,IAC7D,cAAc;AACT,aAAM,kBAAkB,cAAc;",
      "names": []
    },
    "_coverageSchema": "1a1c01bbd47fc00a2c39e90264f33305004495a9",
    "hash": "79c303331696b759e2b315bcedbbf52e96216d78"
  },
  "C:/IBE/IBE-FrontendFolder/TEAM-18-KDU-IBE-FE/src/Component/Header/Header.tsx": {
    "path": "C:/IBE/IBE-FrontendFolder/TEAM-18-KDU-IBE-FE/src/Component/Header/Header.tsx",
    "statementMap": {
      "0": {
        "start": {
          "line": 3,
          "column": 20
        },
        "end": {
          "line": 3,
          "column": 97
        }
      },
      "1": {
        "start": {
          "line": 6,
          "column": 0
        },
        "end": {
          "line": 16,
          "column": 1
        }
      },
      "2": {
        "start": {
          "line": 7,
          "column": 2
        },
        "end": {
          "line": 9,
          "column": 3
        }
      },
      "3": {
        "start": {
          "line": 8,
          "column": 4
        },
        "end": {
          "line": 8,
          "column": 165
        }
      },
      "4": {
        "start": {
          "line": 10,
          "column": 2
        },
        "end": {
          "line": 10,
          "column": 39
        }
      },
      "5": {
        "start": {
          "line": 11,
          "column": 2
        },
        "end": {
          "line": 11,
          "column": 39
        }
      },
      "6": {
        "start": {
          "line": 12,
          "column": 2
        },
        "end": {
          "line": 14,
          "column": 4
        }
      },
      "7": {
        "start": {
          "line": 13,
          "column": 4
        },
        "end": {
          "line": 13,
          "column": 120
        }
      },
      "8": {
        "start": {
          "line": 15,
          "column": 2
        },
        "end": {
          "line": 15,
          "column": 75
        }
      },
      "9": {
        "start": {
          "line": 17,
          "column": 9
        },
        "end": {
          "line": 17,
          "column": 23
        }
      },
      "10": {
        "start": {
          "line": 26,
          "column": 2
        },
        "end": {
          "line": 26,
          "column": 7
        }
      },
      "11": {
        "start": {
          "line": 27,
          "column": 19
        },
        "end": {
          "line": 27,
          "column": 32
        }
      },
      "12": {
        "start": {
          "line": 28,
          "column": 48
        },
        "end": {
          "line": 28,
          "column": 63
        }
      },
      "13": {
        "start": {
          "line": 29,
          "column": 50
        },
        "end": {
          "line": 29,
          "column": 64
        }
      },
      "14": {
        "start": {
          "line": 30,
          "column": 24
        },
        "end": {
          "line": 30,
          "column": 37
        }
      },
      "15": {
        "start": {
          "line": 31,
          "column": 27
        },
        "end": {
          "line": 33,
          "column": 3
        }
      },
      "16": {
        "start": {
          "line": 32,
          "column": 15
        },
        "end": {
          "line": 32,
          "column": 57
        }
      },
      "17": {
        "start": {
          "line": 34,
          "column": 26
        },
        "end": {
          "line": 36,
          "column": 3
        }
      },
      "18": {
        "start": {
          "line": 35,
          "column": 4
        },
        "end": {
          "line": 35,
          "column": 41
        }
      },
      "19": {
        "start": {
          "line": 37,
          "column": 31
        },
        "end": {
          "line": 41,
          "column": 3
        }
      },
      "20": {
        "start": {
          "line": 38,
          "column": 24
        },
        "end": {
          "line": 38,
          "column": 38
        }
      },
      "21": {
        "start": {
          "line": 39,
          "column": 4
        },
        "end": {
          "line": 39,
          "column": 37
        }
      },
      "22": {
        "start": {
          "line": 40,
          "column": 4
        },
        "end": {
          "line": 40,
          "column": 37
        }
      },
      "23": {
        "start": {
          "line": 42,
          "column": 31
        },
        "end": {
          "line": 45,
          "column": 3
        }
      },
      "24": {
        "start": {
          "line": 43,
          "column": 24
        },
        "end": {
          "line": 43,
          "column": 38
        }
      },
      "25": {
        "start": {
          "line": 44,
          "column": 4
        },
        "end": {
          "line": 44,
          "column": 54
        }
      },
      "26": {
        "start": {
          "line": 47,
          "column": 4
        },
        "end": {
          "line": 47,
          "column": 18
        }
      },
      "27": {
        "start": {
          "line": 49,
          "column": 2
        },
        "end": {
          "line": 283,
          "column": 11
        }
      },
      "28": {
        "start": {
          "line": 285,
          "column": 0
        },
        "end": {
          "line": 287,
          "column": 3
        }
      },
      "29": {
        "start": {
          "line": 286,
          "column": 2
        },
        "end": {
          "line": 286,
          "column": 49
        }
      },
      "30": {
        "start": {
          "line": 288,
          "column": 0
        },
        "end": {
          "line": 288,
          "column": 12
        }
      },
      "31": {
        "start": {
          "line": 290,
          "column": 0
        },
        "end": {
          "line": 290,
          "column": 27
        }
      },
      "32": {
        "start": {
          "line": 291,
          "column": 0
        },
        "end": {
          "line": 304,
          "column": 1
        }
      },
      "33": {
        "start": {
          "line": 292,
          "column": 2
        },
        "end": {
          "line": 292,
          "column": 39
        }
      },
      "34": {
        "start": {
          "line": 293,
          "column": 2
        },
        "end": {
          "line": 293,
          "column": 39
        }
      },
      "35": {
        "start": {
          "line": 294,
          "column": 2
        },
        "end": {
          "line": 303,
          "column": 5
        }
      },
      "36": {
        "start": {
          "line": 295,
          "column": 4
        },
        "end": {
          "line": 295,
          "column": 146
        }
      },
      "37": {
        "start": {
          "line": 296,
          "column": 4
        },
        "end": {
          "line": 302,
          "column": 7
        }
      },
      "38": {
        "start": {
          "line": 297,
          "column": 6
        },
        "end": {
          "line": 298,
          "column": 15
        }
      },
      "39": {
        "start": {
          "line": 298,
          "column": 8
        },
        "end": {
          "line": 298,
          "column": 15
        }
      },
      "40": {
        "start": {
          "line": 299,
          "column": 32
        },
        "end": {
          "line": 299,
          "column": 115
        }
      },
      "41": {
        "start": {
          "line": 300,
          "column": 6
        },
        "end": {
          "line": 301,
          "column": 54
        }
      },
      "42": {
        "start": {
          "line": 301,
          "column": 8
        },
        "end": {
          "line": 301,
          "column": 54
        }
      }
    },
    "fnMap": {
      "0": {
        "name": "(anonymous_0)",
        "decl": {
          "start": {
            "line": 12,
            "column": 24
          },
          "end": {
            "line": 12,
            "column": 25
          }
        },
        "loc": {
          "start": {
            "line": 12,
            "column": 38
          },
          "end": {
            "line": 14,
            "column": 3
          }
        },
        "line": 12
      },
      "1": {
        "name": "Header",
        "decl": {
          "start": {
            "line": 25,
            "column": 16
          },
          "end": {
            "line": 25,
            "column": 22
          }
        },
        "loc": {
          "start": {
            "line": 25,
            "column": 25
          },
          "end": {
            "line": 284,
            "column": 1
          }
        },
        "line": 25
      },
      "2": {
        "name": "(anonymous_2)",
        "decl": {
          "start": {
            "line": 32,
            "column": 4
          },
          "end": {
            "line": 32,
            "column": 5
          }
        },
        "loc": {
          "start": {
            "line": 32,
            "column": 15
          },
          "end": {
            "line": 32,
            "column": 57
          }
        },
        "line": 32
      },
      "3": {
        "name": "(anonymous_3)",
        "decl": {
          "start": {
            "line": 34,
            "column": 26
          },
          "end": {
            "line": 34,
            "column": 27
          }
        },
        "loc": {
          "start": {
            "line": 34,
            "column": 32
          },
          "end": {
            "line": 36,
            "column": 3
          }
        },
        "line": 34
      },
      "4": {
        "name": "(anonymous_4)",
        "decl": {
          "start": {
            "line": 37,
            "column": 31
          },
          "end": {
            "line": 37,
            "column": 32
          }
        },
        "loc": {
          "start": {
            "line": 37,
            "column": 38
          },
          "end": {
            "line": 41,
            "column": 3
          }
        },
        "line": 37
      },
      "5": {
        "name": "(anonymous_5)",
        "decl": {
          "start": {
            "line": 42,
            "column": 31
          },
          "end": {
            "line": 42,
            "column": 32
          }
        },
        "loc": {
          "start": {
            "line": 42,
            "column": 38
          },
          "end": {
            "line": 45,
            "column": 3
          }
        },
        "line": 42
      },
      "6": {
        "name": "handleRedirect",
        "decl": {
          "start": {
            "line": 46,
            "column": 11
          },
          "end": {
            "line": 46,
            "column": 25
          }
        },
        "loc": {
          "start": {
            "line": 46,
            "column": 28
          },
          "end": {
            "line": 48,
            "column": 3
          }
        },
        "line": 46
      },
      "7": {
        "name": "(anonymous_7)",
        "decl": {
          "start": {
            "line": 285,
            "column": 50
          },
          "end": {
            "line": 285,
            "column": 51
          }
        },
        "loc": {
          "start": {
            "line": 285,
            "column": 61
          },
          "end": {
            "line": 287,
            "column": 1
          }
        },
        "line": 285
      },
      "8": {
        "name": "(anonymous_8)",
        "decl": {
          "start": {
            "line": 294,
            "column": 52
          },
          "end": {
            "line": 294,
            "column": 53
          }
        },
        "loc": {
          "start": {
            "line": 294,
            "column": 72
          },
          "end": {
            "line": 303,
            "column": 3
          }
        },
        "line": 294
      },
      "9": {
        "name": "(anonymous_9)",
        "decl": {
          "start": {
            "line": 296,
            "column": 27
          },
          "end": {
            "line": 296,
            "column": 28
          }
        },
        "loc": {
          "start": {
            "line": 296,
            "column": 44
          },
          "end": {
            "line": 302,
            "column": 5
          }
        },
        "line": 296
      }
    },
    "branchMap": {
      "0": {
        "loc": {
          "start": {
            "line": 3,
            "column": 20
          },
          "end": {
            "line": 3,
            "column": 97
          }
        },
        "type": "binary-expr",
        "locations": [
          {
            "start": {
              "line": 3,
              "column": 20
            },
            "end": {
              "line": 3,
              "column": 60
            }
          },
          {
            "start": {
              "line": 3,
              "column": 64
            },
            "end": {
              "line": 3,
              "column": 97
            }
          }
        ],
        "line": 3
      },
      "1": {
        "loc": {
          "start": {
            "line": 6,
            "column": 0
          },
          "end": {
            "line": 16,
            "column": 1
          }
        },
        "type": "if",
        "locations": [
          {
            "start": {
              "line": 6,
              "column": 0
            },
            "end": {
              "line": 16,
              "column": 1
            }
          },
          {
            "start": {},
            "end": {}
          }
        ],
        "line": 6
      },
      "2": {
        "loc": {
          "start": {
            "line": 6,
            "column": 4
          },
          "end": {
            "line": 6,
            "column": 35
          }
        },
        "type": "binary-expr",
        "locations": [
          {
            "start": {
              "line": 6,
              "column": 4
            },
            "end": {
              "line": 6,
              "column": 19
            }
          },
          {
            "start": {
              "line": 6,
              "column": 23
            },
            "end": {
              "line": 6,
              "column": 35
            }
          }
        ],
        "line": 6
      },
      "3": {
        "loc": {
          "start": {
            "line": 7,
            "column": 2
          },
          "end": {
            "line": 9,
            "column": 3
          }
        },
        "type": "if",
        "locations": [
          {
            "start": {
              "line": 7,
              "column": 2
            },
            "end": {
              "line": 9,
              "column": 3
            }
          },
          {
            "start": {},
            "end": {}
          }
        ],
        "line": 7
      },
      "4": {
        "loc": {
          "start": {
            "line": 171,
            "column": 4
          },
          "end": {
            "line": 269,
            "column": 12
          }
        },
        "type": "binary-expr",
        "locations": [
          {
            "start": {
              "line": 171,
              "column": 4
            },
            "end": {
              "line": 171,
              "column": 19
            }
          },
          {
            "start": {
              "line": 171,
              "column": 39
            },
            "end": {
              "line": 269,
              "column": 12
            }
          }
        ],
        "line": 171
      },
      "5": {
        "loc": {
          "start": {
            "line": 291,
            "column": 0
          },
          "end": {
            "line": 304,
            "column": 1
          }
        },
        "type": "if",
        "locations": [
          {
            "start": {
              "line": 291,
              "column": 0
            },
            "end": {
              "line": 304,
              "column": 1
            }
          },
          {
            "start": {},
            "end": {}
          }
        ],
        "line": 291
      },
      "6": {
        "loc": {
          "start": {
            "line": 291,
            "column": 4
          },
          "end": {
            "line": 291,
            "column": 35
          }
        },
        "type": "binary-expr",
        "locations": [
          {
            "start": {
              "line": 291,
              "column": 4
            },
            "end": {
              "line": 291,
              "column": 19
            }
          },
          {
            "start": {
              "line": 291,
              "column": 23
            },
            "end": {
              "line": 291,
              "column": 35
            }
          }
        ],
        "line": 291
      },
      "7": {
        "loc": {
          "start": {
            "line": 297,
            "column": 6
          },
          "end": {
            "line": 298,
            "column": 15
          }
        },
        "type": "if",
        "locations": [
          {
            "start": {
              "line": 297,
              "column": 6
            },
            "end": {
              "line": 298,
              "column": 15
            }
          },
          {
            "start": {},
            "end": {}
          }
        ],
        "line": 297
      },
      "8": {
        "loc": {
          "start": {
            "line": 300,
            "column": 6
          },
          "end": {
            "line": 301,
            "column": 54
          }
        },
        "type": "if",
        "locations": [
          {
            "start": {
              "line": 300,
              "column": 6
            },
            "end": {
              "line": 301,
              "column": 54
            }
          },
          {
            "start": {},
            "end": {}
          }
        ],
        "line": 300
      }
    },
    "s": {
      "0": 2,
      "1": 2,
      "2": 2,
      "3": 0,
      "4": 2,
      "5": 2,
      "6": 2,
      "7": 2,
      "8": 2,
      "9": 2,
      "10": 4,
      "11": 4,
      "12": 4,
      "13": 4,
      "14": 4,
      "15": 4,
      "16": 37,
      "17": 4,
      "18": 0,
      "19": 4,
      "20": 0,
      "21": 0,
      "22": 0,
      "23": 4,
      "24": 0,
      "25": 0,
      "26": 0,
      "27": 4,
      "28": 2,
      "29": 2,
      "30": 2,
      "31": 2,
      "32": 2,
      "33": 2,
      "34": 2,
      "35": 2,
      "36": 2,
      "37": 2,
      "38": 0,
      "39": 0,
      "40": 0,
      "41": 0,
      "42": 0
    },
    "f": {
      "0": 2,
      "1": 4,
      "2": 37,
      "3": 0,
      "4": 0,
      "5": 0,
      "6": 0,
      "7": 2,
      "8": 2,
      "9": 0
    },
    "b": {
      "0": [
        2,
        0
      ],
      "1": [
        2,
        0
      ],
      "2": [
        2,
        2
      ],
      "3": [
        0,
        2
      ],
      "4": [
        4,
        0
      ],
      "5": [
        2,
        0
      ],
      "6": [
        2,
        2
      ],
      "7": [
        0,
        0
      ],
      "8": [
        0,
        0
      ]
    },
    "inputSourceMap": {
      "version": 3,
      "mappings": "AAmCQ;2BAnCR;AAAO,MAAe;AAAA;AAAA;AAAA;AAAA;AAAA;AAAA;AAAA;AAAA;AAAA;AAAA;AAAA;AAAA;AAAA;AAAA;AAAA;AACtB,OAAOA,cAAc;AACrB,SAASC,gBAAgB;AACzB,OAAOC,UAAU;AACjB,SAASC,aAAaC,mBAAmB;AAEzC,SAASC,6BAA6B;AACtC,SAASC,mBAAkB;AACpB,gBAASC,SAAS;AAAAC,KAAA;AACvB,QAAMC,WAASH,YAAY;AAC3B,QAAM,CAACI,iBAAiBC,kBAAkB,IAAIV,SAAS,KAAK;AAC5D,QAAM,CAACW,kBAAkBC,mBAAmB,IAAIZ,SAAS,IAAI;AAC7D,QAAMa,gBAA6BX,YAAY;AAC/C,QAAMY,mBAA2BX;AAAAA,IAC/B,CAACY,UAAqBA,MAAMC,aAAaC;AAAAA,EAC3C;AACA,QAAMC,kBAAkBA,MAAM;AAC5BR,uBAAmB,CAACD,eAAe;AAAA,EACrC;AACA,QAAMU,uBAAuBA,CAACC,MAA4C;AACxE,UAAMC,cAAcD,EAAEE,OAAOC;AAC7BX,wBAAoBS,WAAW;AAC/BpB,SAAKuB,eAAeH,WAAW;AAAA,EACjC;AACA,QAAMI,uBAAuBA,CAACL,MAA4C;AACxE,UAAMM,cAAcN,EAAEE,OAAOC;AAC7BV,kBAAcT,sBAAsBsB,WAAW,CAAC;AAAA,EAClD;AACA,WAASC,iBACT;AACEnB,aAAS,GAAG;AAAA,EACd;AACA,SACE,uBAAC,SAAI,WAAU,UACb;AAAA,2BAAC,SAAI,WAAU,YACb;AAAA,6BAAC,YAAO,WAAU,gBAAe,SAASmB,gBAAiB1B,eAAK2B,EAAE,aAAa,KAA/E;AAAA;AAAA;AAAA;AAAA,aAAiF;AAAA,MACjF,uBAAC,QAAG,WAAU,eAAe3B,eAAK2B,EAAE,YAAY,KAAhD;AAAA;AAAA;AAAA;AAAA,aAAkD;AAAA,SAFpD;AAAA;AAAA;AAAA;AAAA,WAGA;AAAA,IACA,uBAAC,SAAI,WAAU,cACb;AAAA,6BAAC,YAAO,WAAU,eAAe3B,eAAK2B,EAAE,YAAY,KAApD;AAAA;AAAA;AAAA;AAAA,aAAsD;AAAA,MACtD,uBAAC,SAAI,WAAU,qBACb;AAAA,+BAAC,SAAI,WAAU,sBACb;AAAA,iCAAC,SAAI,KAAK7B,UAAU,KAAI,mBAAxB;AAAA;AAAA;AAAA;AAAA,iBAAuC;AAAA,UACvC;AAAA,YAAC;AAAA;AAAA,cACC,WAAU;AAAA,cACV,MAAK;AAAA,cACL,UAAUoB;AAAAA,cACV,OAAOR;AAAAA,cAEP;AAAA,uCAAC,YAAO,OAAM,MAAK,kBAAnB;AAAA;AAAA;AAAA;AAAA,uBAAqB;AAAA,gBACrB,uBAAC,YAAO,OAAM,MAAK,kBAAnB;AAAA;AAAA;AAAA;AAAA,uBAAqB;AAAA,gBACrB,uBAAC,YAAO,OAAM,MAAK,kBAAnB;AAAA;AAAA;AAAA;AAAA,uBAAqB;AAAA;AAAA;AAAA,YARvB;AAAA;AAAA;AAAA;AAAA;AAAA;AAAA;AAAA;AAAA,UASA;AAAA,aAXF;AAAA;AAAA;AAAA;AAAA,eAYA;AAAA,QACA,uBAAC,SAAI,WAAU,sBACb;AAAA,UAAC;AAAA;AAAA,YACC,MAAK;AAAA,YACL,WAAU;AAAA,YACV,UAAUc;AAAAA,YACV,OAAOX;AAAAA,YAEP;AAAA,qCAAC,YAAO,OAAM,OAAM,qBAApB;AAAA;AAAA;AAAA;AAAA,qBAAyB;AAAA,cACzB,uBAAC,YAAO,OAAM,OAAM,qBAApB;AAAA;AAAA;AAAA;AAAA,qBAAyB;AAAA,cACzB,uBAAC,YAAO,OAAM,OAAM,qBAApB;AAAA;AAAA;AAAA;AAAA,qBAAyB;AAAA;AAAA;AAAA,UAR3B;AAAA;AAAA;AAAA;AAAA;AAAA;AAAA;AAAA;AAAA,QASA,KAVF;AAAA;AAAA;AAAA;AAAA,eAWA;AAAA,WAzBF;AAAA;AAAA;AAAA;AAAA,aA0BA;AAAA,MACA,uBAAC,YAAO,WAAU,gBAAgBb,eAAK2B,EAAE,OAAO,KAAhD;AAAA;AAAA;AAAA;AAAA,aAAkD;AAAA,SA7BpD;AAAA;AAAA;AAAA;AAAA,WA8BA;AAAA,IACCnB,mBACC,uBAAC,SAAI,WAAU,mBACb;AAAA,6BAAC,YAAO,WAAU,eAAeR,eAAK2B,EAAE,YAAY,KAApD;AAAA;AAAA;AAAA;AAAA,aAAsD;AAAA,MACtD,uBAAC,SAAI,WAAU,sBACb;AAAA,+BAAC,SAAI,KAAK7B,UAAU,KAAI,oBAAxB;AAAA;AAAA;AAAA;AAAA,eAAwC;AAAA,QACxC;AAAA,UAAC;AAAA;AAAA,YACC,WAAU;AAAA,YACV,MAAK;AAAA,YACL,UAAUoB;AAAAA,YACV,OAAOR;AAAAA,YAEP;AAAA,qCAAC,YAAO,OAAM,MAAK,kBAAnB;AAAA;AAAA;AAAA;AAAA,qBAAqB;AAAA,cACrB,uBAAC,YAAO,OAAM,MAAK,kBAAnB;AAAA;AAAA;AAAA;AAAA,qBAAqB;AAAA,cACrB,uBAAC,YAAO,OAAM,MAAK,kBAAnB;AAAA;AAAA;AAAA;AAAA,qBAAqB;AAAA;AAAA;AAAA,UARvB;AAAA;AAAA;AAAA;AAAA;AAAA;AAAA;AAAA;AAAA,QASA;AAAA,WAXF;AAAA;AAAA;AAAA;AAAA,aAYA;AAAA,MACA,uBAAC,SAAI,WAAU,sBACb;AAAA,QAAC;AAAA;AAAA,UACC,MAAK;AAAA,UACL,WAAU;AAAA,UACV,UAAUc;AAAAA,UACV,OAAOX;AAAAA,UAEP;AAAA,mCAAC,YAAO,OAAM,OAAM,qBAApB;AAAA;AAAA;AAAA;AAAA,mBAAyB;AAAA,YACzB,uBAAC,YAAO,OAAM,OAAM,qBAApB;AAAA;AAAA;AAAA;AAAA,mBAAyB;AAAA,YACzB,uBAAC,YAAO,OAAM,OAAM,qBAApB;AAAA;AAAA;AAAA;AAAA,mBAAyB;AAAA;AAAA;AAAA,QAR3B;AAAA;AAAA;AAAA;AAAA;AAAA;AAAA;AAAA;AAAA,MASA,KAVF;AAAA;AAAA;AAAA;AAAA,aAWA;AAAA,MACA,uBAAC,YAAO,WAAU,gBAAgBb,eAAK2B,EAAE,OAAO,KAAhD;AAAA;AAAA;AAAA;AAAA,aAAkD;AAAA,SA3BpD;AAAA;AAAA;AAAA;AAAA,WA4BA;AAAA,IAEF,uBAAC,SAAI,WAAU,aAAY,SAASV,iBAClC,iCAAC,OAAE,WAAU,kBAAb;AAAA;AAAA;AAAA;AAAA,WAA4B,KAD9B;AAAA;AAAA;AAAA;AAAA,WAEA;AAAA,OArEF;AAAA;AAAA;AAAA;AAAA,SAsEA;AAEJ;AAACX,GAjGeD,QAAM;AAAA,UACLD,aAGoBH,aACFC,WAAW;AAAA;AAAA0B,KAL9BvB;AAAM,IAAAuB;AAAAC,aAAAD,IAAA",
      "names": [
        "siteLogo",
        "useState",
        "i18n",
        "useDispatch",
        "useSelector",
        "changeCurrentCurrency",
        "useNavigate",
        "Header",
        "_s",
        "navigate",
        "isRightCopyOpen",
        "setIsRightCopyOpen",
        "selectedLanguage",
        "setSelectedLanguage",
        "reduxDispatch",
        "selectedCurrency",
        "state",
        "currencyRate",
        "currentSelectedCurrency",
        "toggleRightCopy",
        "handleLanguageChange",
        "e",
        "newLanguage",
        "target",
        "value",
        "changeLanguage",
        "handleCurrencyChange",
        "newCurrency",
        "handleRedirect",
        "t",
        "_c",
        "$RefreshReg$"
      ],
      "sources": [
        "C:/IBE/IBE-FrontendFolder/TEAM-18-KDU-IBE-FE/src/Component/Header/Header.tsx"
      ],
      "file": "C:/IBE/IBE-FrontendFolder/TEAM-18-KDU-IBE-FE/src/Component/Header/Header.tsx"
    },
    "_coverageSchema": "1a1c01bbd47fc00a2c39e90264f33305004495a9",
    "hash": "977a38e1977b7a311bfa0d18c840c331dfddec8d"
  },
  "C:/IBE/IBE-FrontendFolder/TEAM-18-KDU-IBE-FE/src/Component/Footer/Footer.tsx": {
    "path": "C:/IBE/IBE-FrontendFolder/TEAM-18-KDU-IBE-FE/src/Component/Footer/Footer.tsx",
    "statementMap": {
      "0": {
        "start": {
          "line": 3,
          "column": 20
        },
        "end": {
          "line": 3,
          "column": 97
        }
      },
      "1": {
        "start": {
          "line": 6,
          "column": 0
        },
        "end": {
          "line": 16,
          "column": 1
        }
      },
      "2": {
        "start": {
          "line": 7,
          "column": 2
        },
        "end": {
          "line": 9,
          "column": 3
        }
      },
      "3": {
        "start": {
          "line": 8,
          "column": 4
        },
        "end": {
          "line": 8,
          "column": 165
        }
      },
      "4": {
        "start": {
          "line": 10,
          "column": 2
        },
        "end": {
          "line": 10,
          "column": 39
        }
      },
      "5": {
        "start": {
          "line": 11,
          "column": 2
        },
        "end": {
          "line": 11,
          "column": 39
        }
      },
      "6": {
        "start": {
          "line": 12,
          "column": 2
        },
        "end": {
          "line": 14,
          "column": 4
        }
      },
      "7": {
        "start": {
          "line": 13,
          "column": 4
        },
        "end": {
          "line": 13,
          "column": 120
        }
      },
      "8": {
        "start": {
          "line": 15,
          "column": 2
        },
        "end": {
          "line": 15,
          "column": 75
        }
      },
      "9": {
        "start": {
          "line": 17,
          "column": 9
        },
        "end": {
          "line": 17,
          "column": 23
        }
      },
      "10": {
        "start": {
          "line": 22,
          "column": 2
        },
        "end": {
          "line": 22,
          "column": 7
        }
      },
      "11": {
        "start": {
          "line": 23,
          "column": 16
        },
        "end": {
          "line": 23,
          "column": 32
        }
      },
      "12": {
        "start": {
          "line": 24,
          "column": 2
        },
        "end": {
          "line": 54,
          "column": 11
        }
      },
      "13": {
        "start": {
          "line": 56,
          "column": 0
        },
        "end": {
          "line": 58,
          "column": 3
        }
      },
      "14": {
        "start": {
          "line": 57,
          "column": 2
        },
        "end": {
          "line": 57,
          "column": 26
        }
      },
      "15": {
        "start": {
          "line": 59,
          "column": 0
        },
        "end": {
          "line": 59,
          "column": 12
        }
      },
      "16": {
        "start": {
          "line": 61,
          "column": 0
        },
        "end": {
          "line": 61,
          "column": 27
        }
      },
      "17": {
        "start": {
          "line": 62,
          "column": 0
        },
        "end": {
          "line": 75,
          "column": 1
        }
      },
      "18": {
        "start": {
          "line": 63,
          "column": 2
        },
        "end": {
          "line": 63,
          "column": 39
        }
      },
      "19": {
        "start": {
          "line": 64,
          "column": 2
        },
        "end": {
          "line": 64,
          "column": 39
        }
      },
      "20": {
        "start": {
          "line": 65,
          "column": 2
        },
        "end": {
          "line": 74,
          "column": 5
        }
      },
      "21": {
        "start": {
          "line": 66,
          "column": 4
        },
        "end": {
          "line": 66,
          "column": 146
        }
      },
      "22": {
        "start": {
          "line": 67,
          "column": 4
        },
        "end": {
          "line": 73,
          "column": 7
        }
      },
      "23": {
        "start": {
          "line": 68,
          "column": 6
        },
        "end": {
          "line": 69,
          "column": 15
        }
      },
      "24": {
        "start": {
          "line": 69,
          "column": 8
        },
        "end": {
          "line": 69,
          "column": 15
        }
      },
      "25": {
        "start": {
          "line": 70,
          "column": 32
        },
        "end": {
          "line": 70,
          "column": 115
        }
      },
      "26": {
        "start": {
          "line": 71,
          "column": 6
        },
        "end": {
          "line": 72,
          "column": 54
        }
      },
      "27": {
        "start": {
          "line": 72,
          "column": 8
        },
        "end": {
          "line": 72,
          "column": 54
        }
      }
    },
    "fnMap": {
      "0": {
        "name": "(anonymous_0)",
        "decl": {
          "start": {
            "line": 12,
            "column": 24
          },
          "end": {
            "line": 12,
            "column": 25
          }
        },
        "loc": {
          "start": {
            "line": 12,
            "column": 38
          },
          "end": {
            "line": 14,
            "column": 3
          }
        },
        "line": 12
      },
      "1": {
        "name": "Footer",
        "decl": {
          "start": {
            "line": 21,
            "column": 16
          },
          "end": {
            "line": 21,
            "column": 22
          }
        },
        "loc": {
          "start": {
            "line": 21,
            "column": 25
          },
          "end": {
            "line": 55,
            "column": 1
          }
        },
        "line": 21
      },
      "2": {
        "name": "(anonymous_2)",
        "decl": {
          "start": {
            "line": 56,
            "column": 50
          },
          "end": {
            "line": 56,
            "column": 51
          }
        },
        "loc": {
          "start": {
            "line": 56,
            "column": 61
          },
          "end": {
            "line": 58,
            "column": 1
          }
        },
        "line": 56
      },
      "3": {
        "name": "(anonymous_3)",
        "decl": {
          "start": {
            "line": 65,
            "column": 52
          },
          "end": {
            "line": 65,
            "column": 53
          }
        },
        "loc": {
          "start": {
            "line": 65,
            "column": 72
          },
          "end": {
            "line": 74,
            "column": 3
          }
        },
        "line": 65
      },
      "4": {
        "name": "(anonymous_4)",
        "decl": {
          "start": {
            "line": 67,
            "column": 27
          },
          "end": {
            "line": 67,
            "column": 28
          }
        },
        "loc": {
          "start": {
            "line": 67,
            "column": 44
          },
          "end": {
            "line": 73,
            "column": 5
          }
        },
        "line": 67
      }
    },
    "branchMap": {
      "0": {
        "loc": {
          "start": {
            "line": 3,
            "column": 20
          },
          "end": {
            "line": 3,
            "column": 97
          }
        },
        "type": "binary-expr",
        "locations": [
          {
            "start": {
              "line": 3,
              "column": 20
            },
            "end": {
              "line": 3,
              "column": 60
            }
          },
          {
            "start": {
              "line": 3,
              "column": 64
            },
            "end": {
              "line": 3,
              "column": 97
            }
          }
        ],
        "line": 3
      },
      "1": {
        "loc": {
          "start": {
            "line": 6,
            "column": 0
          },
          "end": {
            "line": 16,
            "column": 1
          }
        },
        "type": "if",
        "locations": [
          {
            "start": {
              "line": 6,
              "column": 0
            },
            "end": {
              "line": 16,
              "column": 1
            }
          },
          {
            "start": {},
            "end": {}
          }
        ],
        "line": 6
      },
      "2": {
        "loc": {
          "start": {
            "line": 6,
            "column": 4
          },
          "end": {
            "line": 6,
            "column": 35
          }
        },
        "type": "binary-expr",
        "locations": [
          {
            "start": {
              "line": 6,
              "column": 4
            },
            "end": {
              "line": 6,
              "column": 19
            }
          },
          {
            "start": {
              "line": 6,
              "column": 23
            },
            "end": {
              "line": 6,
              "column": 35
            }
          }
        ],
        "line": 6
      },
      "3": {
        "loc": {
          "start": {
            "line": 7,
            "column": 2
          },
          "end": {
            "line": 9,
            "column": 3
          }
        },
        "type": "if",
        "locations": [
          {
            "start": {
              "line": 7,
              "column": 2
            },
            "end": {
              "line": 9,
              "column": 3
            }
          },
          {
            "start": {},
            "end": {}
          }
        ],
        "line": 7
      },
      "4": {
        "loc": {
          "start": {
            "line": 62,
            "column": 0
          },
          "end": {
            "line": 75,
            "column": 1
          }
        },
        "type": "if",
        "locations": [
          {
            "start": {
              "line": 62,
              "column": 0
            },
            "end": {
              "line": 75,
              "column": 1
            }
          },
          {
            "start": {},
            "end": {}
          }
        ],
        "line": 62
      },
      "5": {
        "loc": {
          "start": {
            "line": 62,
            "column": 4
          },
          "end": {
            "line": 62,
            "column": 35
          }
        },
        "type": "binary-expr",
        "locations": [
          {
            "start": {
              "line": 62,
              "column": 4
            },
            "end": {
              "line": 62,
              "column": 19
            }
          },
          {
            "start": {
              "line": 62,
              "column": 23
            },
            "end": {
              "line": 62,
              "column": 35
            }
          }
        ],
        "line": 62
      },
      "6": {
        "loc": {
          "start": {
            "line": 68,
            "column": 6
          },
          "end": {
            "line": 69,
            "column": 15
          }
        },
        "type": "if",
        "locations": [
          {
            "start": {
              "line": 68,
              "column": 6
            },
            "end": {
              "line": 69,
              "column": 15
            }
          },
          {
            "start": {},
            "end": {}
          }
        ],
        "line": 68
      },
      "7": {
        "loc": {
          "start": {
            "line": 71,
            "column": 6
          },
          "end": {
            "line": 72,
            "column": 54
          }
        },
        "type": "if",
        "locations": [
          {
            "start": {
              "line": 71,
              "column": 6
            },
            "end": {
              "line": 72,
              "column": 54
            }
          },
          {
            "start": {},
            "end": {}
          }
        ],
        "line": 71
      }
    },
    "s": {
      "0": 2,
      "1": 2,
      "2": 2,
      "3": 0,
      "4": 2,
      "5": 2,
      "6": 2,
      "7": 2,
      "8": 2,
      "9": 2,
      "10": 4,
      "11": 4,
      "12": 4,
      "13": 2,
      "14": 2,
      "15": 2,
      "16": 2,
      "17": 2,
      "18": 2,
      "19": 2,
      "20": 2,
      "21": 2,
      "22": 2,
      "23": 0,
      "24": 0,
      "25": 0,
      "26": 0,
      "27": 0
    },
    "f": {
      "0": 2,
      "1": 4,
      "2": 2,
      "3": 2,
      "4": 0
    },
    "b": {
      "0": [
        2,
        0
      ],
      "1": [
        2,
        0
      ],
      "2": [
        2,
        2
      ],
      "3": [
        0,
        2
      ],
      "4": [
        2,
        0
      ],
      "5": [
        2,
        2
      ],
      "6": [
        0,
        0
      ],
      "7": [
        0,
        0
      ]
    },
    "inputSourceMap": {
      "version": 3,
      "mappings": "AAQQ;2BARR;AAAO,MAAe;AAAA;AAAA;AAAA;AAAA;AAAA;AAAA;AAAA;AAAA;AAAA;AAAA;AAAA;AAAA;AAAA;AAAA;AAAA;AACtB,OAAOA,UAAU;AACjB,SAASC,sBAAsB;AACxB,gBAASC,SAAS;AAAAC,KAAA;AACvB,QAAM,EAAEC,EAAE,IAAIH,eAAe;AAC7B,SACE,uBAAC,SAAI,WAAU,UACb;AAAA,2BAAC,SAAI,WAAU,gBACb,iCAAC,QAAIG,YAAE,oBAAoB,KAA3B;AAAA;AAAA;AAAA;AAAA,WAA6B,KAD/B;AAAA;AAAA;AAAA;AAAA,WAEA;AAAA,IACA,uBAAC,SAAI,WAAU,iBACb;AAAA,6BAAC,QAAIJ,eAAKI,EAAE,qBAAqB,KAAjC;AAAA;AAAA;AAAA;AAAA,aAAmC;AAAA,MACnC,uBAAC,QAAIJ,eAAKI,EAAE,0BAA0B,KAAtC;AAAA;AAAA;AAAA;AAAA,aAAwC;AAAA,SAF1C;AAAA;AAAA;AAAA;AAAA,WAGA;AAAA,OAPF;AAAA;AAAA;AAAA;AAAA,SAQA;AAEJ;AAACD,GAbeD,QAAM;AAAA,UACND,cAAc;AAAA;AAAAI,KADdH;AAAM,IAAAG;AAAAC,aAAAD,IAAA",
      "names": [
        "i18n",
        "useTranslation",
        "Footer",
        "_s",
        "t",
        "_c",
        "$RefreshReg$"
      ],
      "sources": [
        "C:/IBE/IBE-FrontendFolder/TEAM-18-KDU-IBE-FE/src/Component/Footer/Footer.tsx"
      ],
      "file": "C:/IBE/IBE-FrontendFolder/TEAM-18-KDU-IBE-FE/src/Component/Footer/Footer.tsx"
    },
    "_coverageSchema": "1a1c01bbd47fc00a2c39e90264f33305004495a9",
    "hash": "c57aa2605e8cedf7802cdce70468ed848e2371c9"
  },
  "C:/IBE/IBE-FrontendFolder/TEAM-18-KDU-IBE-FE/src/redux/thunk/GetPropertyConfig.ts": {
    "path": "C:/IBE/IBE-FrontendFolder/TEAM-18-KDU-IBE-FE/src/redux/thunk/GetPropertyConfig.ts",
    "statementMap": {
      "0": {
        "start": {
          "line": 2,
          "column": 33
        },
        "end": {
          "line": 14,
          "column": 1
        }
      },
      "1": {
        "start": {
          "line": 5,
          "column": 16
        },
        "end": {
          "line": 5,
          "column": 69
        }
      },
      "2": {
        "start": {
          "line": 6,
          "column": 4
        },
        "end": {
          "line": 12,
          "column": 5
        }
      },
      "3": {
        "start": {
          "line": 7,
          "column": 18
        },
        "end": {
          "line": 7,
          "column": 34
        }
      },
      "4": {
        "start": {
          "line": 8,
          "column": 19
        },
        "end": {
          "line": 8,
          "column": 35
        }
      },
      "5": {
        "start": {
          "line": 9,
          "column": 6
        },
        "end": {
          "line": 9,
          "column": 18
        }
      },
      "6": {
        "start": {
          "line": 11,
          "column": 6
        },
        "end": {
          "line": 11,
          "column": 35
        }
      }
    },
    "fnMap": {
      "0": {
        "name": "(anonymous_0)",
        "decl": {
          "start": {
            "line": 4,
            "column": 2
          },
          "end": {
            "line": 4,
            "column": 3
          }
        },
        "loc": {
          "start": {
            "line": 4,
            "column": 14
          },
          "end": {
            "line": 13,
            "column": 3
          }
        },
        "line": 4
      }
    },
    "branchMap": {},
    "s": {
      "0": 2,
      "1": 2,
      "2": 2,
      "3": 2,
      "4": 2,
      "5": 2,
      "6": 0
    },
    "f": {
      "0": 2
    },
    "b": {},
    "inputSourceMap": {
      "version": 3,
      "sources": [
        "C:/IBE/IBE-FrontendFolder/TEAM-18-KDU-IBE-FE/src/redux/thunk/GetPropertyConfig.ts"
      ],
      "mappings": "AAAA,SAAS,wBAAwB;AAE1B,aAAM,oBAAoB;AAAA,EAC/B;AAAA,EACA,YAAY;AACV,UAAM,MAAM,YAAY,IAAI;AAC5B,QAAI;AACF,YAAM,MAAM,MAAM,MAAM,GAAG;AAC3B,YAAM,OAAO,MAAM,IAAI,KAAK;AAC5B,aAAO;AAAA,IACT,SAAS,KAAK;AACZ,YAAM,IAAI,MAAM,WAAW;AAAA,IAC7B;AAAA,EACF;AACF;",
      "names": []
    },
    "_coverageSchema": "1a1c01bbd47fc00a2c39e90264f33305004495a9",
    "hash": "be8803470b24e36df0acdc9df22afbfdc45cf67b"
  },
  "C:/IBE/IBE-FrontendFolder/TEAM-18-KDU-IBE-FE/src/redux/thunk/GetPropertyNames.ts": {
    "path": "C:/IBE/IBE-FrontendFolder/TEAM-18-KDU-IBE-FE/src/redux/thunk/GetPropertyNames.ts",
    "statementMap": {
      "0": {
        "start": {
          "line": 2,
          "column": 32
        },
        "end": {
          "line": 14,
          "column": 1
        }
      },
      "1": {
        "start": {
          "line": 5,
          "column": 16
        },
        "end": {
          "line": 5,
          "column": 60
        }
      },
      "2": {
        "start": {
          "line": 6,
          "column": 4
        },
        "end": {
          "line": 12,
          "column": 5
        }
      },
      "3": {
        "start": {
          "line": 7,
          "column": 18
        },
        "end": {
          "line": 7,
          "column": 34
        }
      },
      "4": {
        "start": {
          "line": 8,
          "column": 19
        },
        "end": {
          "line": 8,
          "column": 35
        }
      },
      "5": {
        "start": {
          "line": 9,
          "column": 6
        },
        "end": {
          "line": 9,
          "column": 18
        }
      },
      "6": {
        "start": {
          "line": 11,
          "column": 6
        },
        "end": {
          "line": 11,
          "column": 35
        }
      }
    },
    "fnMap": {
      "0": {
        "name": "(anonymous_0)",
        "decl": {
          "start": {
            "line": 4,
            "column": 2
          },
          "end": {
            "line": 4,
            "column": 3
          }
        },
        "loc": {
          "start": {
            "line": 4,
            "column": 14
          },
          "end": {
            "line": 13,
            "column": 3
          }
        },
        "line": 4
      }
    },
    "branchMap": {},
    "s": {
      "0": 2,
      "1": 1,
      "2": 1,
      "3": 1,
      "4": 1,
      "5": 1,
      "6": 0
    },
    "f": {
      "0": 1
    },
    "b": {},
    "inputSourceMap": {
      "version": 3,
      "sources": [
        "C:/IBE/IBE-FrontendFolder/TEAM-18-KDU-IBE-FE/src/redux/thunk/GetPropertyNames.ts"
      ],
      "mappings": "AAAA,SAAS,wBAAwB;AAG1B,aAAM,mBAAmB;AAAA,EAC9B;AAAA,EACA,YAAY;AACV,UAAM,MAAM,YAAY,IAAI;AAC5B,QAAI;AACF,YAAM,MAAM,MAAM,MAAM,GAAG;AAC3B,YAAM,OAAO,MAAM,IAAI,KAAK;AAC5B,aAAO;AAAA,IACT,SAAS,KAAK;AACZ,YAAM,IAAI,MAAM,WAAW;AAAA,IAC7B;AAAA,EACF;AACF;",
      "names": []
    },
    "_coverageSchema": "1a1c01bbd47fc00a2c39e90264f33305004495a9",
    "hash": "17e041e9ddddb2c7ce90f2276620cfbaaa00239c"
  },
  "C:/IBE/IBE-FrontendFolder/TEAM-18-KDU-IBE-FE/src/redux/SearchRoomSlice.ts": {
    "path": "C:/IBE/IBE-FrontendFolder/TEAM-18-KDU-IBE-FE/src/redux/SearchRoomSlice.ts",
    "statementMap": {
      "0": {
        "start": {
          "line": 2,
          "column": 21
        },
        "end": {
          "line": 9,
          "column": 1
        }
      },
      "1": {
        "start": {
          "line": 10,
          "column": 24
        },
        "end": {
          "line": 33,
          "column": 2
        }
      },
      "2": {
        "start": {
          "line": 15,
          "column": 6
        },
        "end": {
          "line": 15,
          "column": 35
        }
      },
      "3": {
        "start": {
          "line": 18,
          "column": 6
        },
        "end": {
          "line": 18,
          "column": 39
        }
      },
      "4": {
        "start": {
          "line": 21,
          "column": 6
        },
        "end": {
          "line": 21,
          "column": 37
        }
      },
      "5": {
        "start": {
          "line": 24,
          "column": 6
        },
        "end": {
          "line": 24,
          "column": 46
        }
      },
      "6": {
        "start": {
          "line": 27,
          "column": 6
        },
        "end": {
          "line": 27,
          "column": 34
        }
      },
      "7": {
        "start": {
          "line": 30,
          "column": 6
        },
        "end": {
          "line": 30,
          "column": 41
        }
      },
      "8": {
        "start": {
          "line": 34,
          "column": 116
        },
        "end": {
          "line": 34,
          "column": 139
        }
      },
      "9": {
        "start": {
          "line": 35,
          "column": 33
        },
        "end": {
          "line": 35,
          "column": 56
        }
      }
    },
    "fnMap": {
      "0": {
        "name": "(anonymous_0)",
        "decl": {
          "start": {
            "line": 14,
            "column": 17
          },
          "end": {
            "line": 14,
            "column": 18
          }
        },
        "loc": {
          "start": {
            "line": 14,
            "column": 36
          },
          "end": {
            "line": 16,
            "column": 5
          }
        },
        "line": 14
      },
      "1": {
        "name": "(anonymous_1)",
        "decl": {
          "start": {
            "line": 17,
            "column": 21
          },
          "end": {
            "line": 17,
            "column": 22
          }
        },
        "loc": {
          "start": {
            "line": 17,
            "column": 40
          },
          "end": {
            "line": 19,
            "column": 5
          }
        },
        "line": 17
      },
      "2": {
        "name": "(anonymous_2)",
        "decl": {
          "start": {
            "line": 20,
            "column": 19
          },
          "end": {
            "line": 20,
            "column": 20
          }
        },
        "loc": {
          "start": {
            "line": 20,
            "column": 38
          },
          "end": {
            "line": 22,
            "column": 5
          }
        },
        "line": 20
      },
      "3": {
        "name": "(anonymous_3)",
        "decl": {
          "start": {
            "line": 23,
            "column": 28
          },
          "end": {
            "line": 23,
            "column": 29
          }
        },
        "loc": {
          "start": {
            "line": 23,
            "column": 47
          },
          "end": {
            "line": 25,
            "column": 5
          }
        },
        "line": 23
      },
      "4": {
        "name": "(anonymous_4)",
        "decl": {
          "start": {
            "line": 26,
            "column": 16
          },
          "end": {
            "line": 26,
            "column": 17
          }
        },
        "loc": {
          "start": {
            "line": 26,
            "column": 35
          },
          "end": {
            "line": 28,
            "column": 5
          }
        },
        "line": 26
      },
      "5": {
        "name": "(anonymous_5)",
        "decl": {
          "start": {
            "line": 29,
            "column": 21
          },
          "end": {
            "line": 29,
            "column": 22
          }
        },
        "loc": {
          "start": {
            "line": 29,
            "column": 40
          },
          "end": {
            "line": 31,
            "column": 5
          }
        },
        "line": 29
      }
    },
    "branchMap": {},
    "s": {
      "0": 2,
      "1": 2,
      "2": 1,
      "3": 1,
      "4": 1,
      "5": 1,
      "6": 2,
      "7": 0,
      "8": 2,
      "9": 2
    },
    "f": {
      "0": 1,
      "1": 1,
      "2": 1,
      "3": 1,
      "4": 2,
      "5": 0
    },
    "b": {},
    "inputSourceMap": {
      "version": 3,
      "sources": [
        "C:/IBE/IBE-FrontendFolder/TEAM-18-KDU-IBE-FE/src/redux/SearchRoomSlice.ts"
      ],
      "mappings": "AAAA,SAAwB,mBAAmB;AAS3C,MAAM,eAAiC;AAAA,EACrC,MAAK;AAAA,EACL,OAAO;AAAA,EACP,WAAU;AAAA,EACV,SAAQ;AAAA,EACR,kBAAiB;AAAA,EACjB,aAAY;AACd;AACA,MAAM,kBAAkB,YAAY;AAAA,EAClC,MAAM;AAAA,EACN;AAAA,EACA,UAAU;AAAA,IACR,aAAa,CAAC,OAAO,WAAkC;AACrD,YAAM,QAAQ,OAAO;AAAA,IACvB;AAAA,IACA,iBAAgB,CAAC,OAAM,WAA+B;AACpD,YAAM,YAAY,OAAO;AAAA,IAC3B;AAAA,IACA,eAAc,CAAC,OAAM,WAA+B;AAClD,YAAM,UAAU,OAAO;AAAA,IACzB;AAAA,IACA,wBAAuB,CAAC,OAAM,WAAgC;AAC5D,YAAM,mBAAmB,OAAO;AAAA,IAClC;AAAA,IACA,YAAY,CAAC,OAAM,WAA+B;AAChD,YAAM,OAAK,OAAO;AAAA,IACpB;AAAA,IACA,iBAAiB,CAAC,OAAM,WAAgC;AACtD,YAAM,cAAY,OAAO;AAAA,IAC3B;AAAA,EACF;AACF,CAAC;AACM,aAAM,EAAE,aAAY,eAAc,iBAAgB,wBAAuB,YAAW,gBAAe,IAAI,gBAAgB;AACvH,aAAM,oBAAoB,gBAAgB;",
      "names": []
    },
    "_coverageSchema": "1a1c01bbd47fc00a2c39e90264f33305004495a9",
    "hash": "56936b420d126ad3bd0479af8a82cbe66c1a2a51"
  },
  "C:/IBE/IBE-FrontendFolder/TEAM-18-KDU-IBE-FE/src/Component/Search/property/Property.tsx": {
    "path": "C:/IBE/IBE-FrontendFolder/TEAM-18-KDU-IBE-FE/src/Component/Search/property/Property.tsx",
    "statementMap": {
      "0": {
        "start": {
          "line": 3,
          "column": 20
        },
        "end": {
          "line": 3,
          "column": 97
        }
      },
      "1": {
        "start": {
          "line": 6,
          "column": 0
        },
        "end": {
          "line": 16,
          "column": 1
        }
      },
      "2": {
        "start": {
          "line": 7,
          "column": 2
        },
        "end": {
          "line": 9,
          "column": 3
        }
      },
      "3": {
        "start": {
          "line": 8,
          "column": 4
        },
        "end": {
          "line": 8,
          "column": 165
        }
      },
      "4": {
        "start": {
          "line": 10,
          "column": 2
        },
        "end": {
          "line": 10,
          "column": 39
        }
      },
      "5": {
        "start": {
          "line": 11,
          "column": 2
        },
        "end": {
          "line": 11,
          "column": 39
        }
      },
      "6": {
        "start": {
          "line": 12,
          "column": 2
        },
        "end": {
          "line": 14,
          "column": 4
        }
      },
      "7": {
        "start": {
          "line": 13,
          "column": 4
        },
        "end": {
          "line": 13,
          "column": 131
        }
      },
      "8": {
        "start": {
          "line": 15,
          "column": 2
        },
        "end": {
          "line": 15,
          "column": 75
        }
      },
      "9": {
        "start": {
          "line": 17,
          "column": 9
        },
        "end": {
          "line": 17,
          "column": 23
        }
      },
      "10": {
        "start": {
          "line": 31,
          "column": 2
        },
        "end": {
          "line": 31,
          "column": 7
        }
      },
      "11": {
        "start": {
          "line": 32,
          "column": 23
        },
        "end": {
          "line": 34,
          "column": 3
        }
      },
      "12": {
        "start": {
          "line": 33,
          "column": 15
        },
        "end": {
          "line": 33,
          "column": 50
        }
      },
      "13": {
        "start": {
          "line": 35,
          "column": 19
        },
        "end": {
          "line": 37,
          "column": 3
        }
      },
      "14": {
        "start": {
          "line": 36,
          "column": 15
        },
        "end": {
          "line": 36,
          "column": 52
        }
      },
      "15": {
        "start": {
          "line": 38,
          "column": 24
        },
        "end": {
          "line": 38,
          "column": 37
        }
      },
      "16": {
        "start": {
          "line": 39,
          "column": 31
        },
        "end": {
          "line": 43,
          "column": 3
        }
      },
      "17": {
        "start": {
          "line": 40,
          "column": 34
        },
        "end": {
          "line": 40,
          "column": 52
        }
      },
      "18": {
        "start": {
          "line": 41,
          "column": 4
        },
        "end": {
          "line": 41,
          "column": 65
        }
      },
      "19": {
        "start": {
          "line": 42,
          "column": 4
        },
        "end": {
          "line": 42,
          "column": 39
        }
      },
      "20": {
        "start": {
          "line": 44,
          "column": 2
        },
        "end": {
          "line": 46,
          "column": 9
        }
      },
      "21": {
        "start": {
          "line": 45,
          "column": 4
        },
        "end": {
          "line": 45,
          "column": 38
        }
      },
      "22": {
        "start": {
          "line": 47,
          "column": 16
        },
        "end": {
          "line": 47,
          "column": 32
        }
      },
      "23": {
        "start": {
          "line": 48,
          "column": 2
        },
        "end": {
          "line": 96,
          "column": 11
        }
      },
      "24": {
        "start": {
          "line": 61,
          "column": 48
        },
        "end": {
          "line": 76,
          "column": 11
        }
      },
      "25": {
        "start": {
          "line": 98,
          "column": 0
        },
        "end": {
          "line": 100,
          "column": 3
        }
      },
      "26": {
        "start": {
          "line": 99,
          "column": 2
        },
        "end": {
          "line": 99,
          "column": 65
        }
      },
      "27": {
        "start": {
          "line": 101,
          "column": 0
        },
        "end": {
          "line": 101,
          "column": 14
        }
      },
      "28": {
        "start": {
          "line": 103,
          "column": 0
        },
        "end": {
          "line": 103,
          "column": 29
        }
      },
      "29": {
        "start": {
          "line": 104,
          "column": 0
        },
        "end": {
          "line": 117,
          "column": 1
        }
      },
      "30": {
        "start": {
          "line": 105,
          "column": 2
        },
        "end": {
          "line": 105,
          "column": 39
        }
      },
      "31": {
        "start": {
          "line": 106,
          "column": 2
        },
        "end": {
          "line": 106,
          "column": 39
        }
      },
      "32": {
        "start": {
          "line": 107,
          "column": 2
        },
        "end": {
          "line": 116,
          "column": 5
        }
      },
      "33": {
        "start": {
          "line": 108,
          "column": 4
        },
        "end": {
          "line": 108,
          "column": 157
        }
      },
      "34": {
        "start": {
          "line": 109,
          "column": 4
        },
        "end": {
          "line": 115,
          "column": 7
        }
      },
      "35": {
        "start": {
          "line": 110,
          "column": 6
        },
        "end": {
          "line": 111,
          "column": 15
        }
      },
      "36": {
        "start": {
          "line": 111,
          "column": 8
        },
        "end": {
          "line": 111,
          "column": 15
        }
      },
      "37": {
        "start": {
          "line": 112,
          "column": 32
        },
        "end": {
          "line": 112,
          "column": 115
        }
      },
      "38": {
        "start": {
          "line": 113,
          "column": 6
        },
        "end": {
          "line": 114,
          "column": 54
        }
      },
      "39": {
        "start": {
          "line": 114,
          "column": 8
        },
        "end": {
          "line": 114,
          "column": 54
        }
      }
    },
    "fnMap": {
      "0": {
        "name": "(anonymous_0)",
        "decl": {
          "start": {
            "line": 12,
            "column": 24
          },
          "end": {
            "line": 12,
            "column": 25
          }
        },
        "loc": {
          "start": {
            "line": 12,
            "column": 38
          },
          "end": {
            "line": 14,
            "column": 3
          }
        },
        "line": 12
      },
      "1": {
        "name": "Property",
        "decl": {
          "start": {
            "line": 30,
            "column": 16
          },
          "end": {
            "line": 30,
            "column": 24
          }
        },
        "loc": {
          "start": {
            "line": 30,
            "column": 27
          },
          "end": {
            "line": 97,
            "column": 1
          }
        },
        "line": 30
      },
      "2": {
        "name": "(anonymous_2)",
        "decl": {
          "start": {
            "line": 33,
            "column": 4
          },
          "end": {
            "line": 33,
            "column": 5
          }
        },
        "loc": {
          "start": {
            "line": 33,
            "column": 15
          },
          "end": {
            "line": 33,
            "column": 50
          }
        },
        "line": 33
      },
      "3": {
        "name": "(anonymous_3)",
        "decl": {
          "start": {
            "line": 36,
            "column": 4
          },
          "end": {
            "line": 36,
            "column": 5
          }
        },
        "loc": {
          "start": {
            "line": 36,
            "column": 15
          },
          "end": {
            "line": 36,
            "column": 52
          }
        },
        "line": 36
      },
      "4": {
        "name": "(anonymous_4)",
        "decl": {
          "start": {
            "line": 39,
            "column": 31
          },
          "end": {
            "line": 39,
            "column": 32
          }
        },
        "loc": {
          "start": {
            "line": 39,
            "column": 42
          },
          "end": {
            "line": 43,
            "column": 3
          }
        },
        "line": 39
      },
      "5": {
        "name": "(anonymous_5)",
        "decl": {
          "start": {
            "line": 44,
            "column": 12
          },
          "end": {
            "line": 44,
            "column": 13
          }
        },
        "loc": {
          "start": {
            "line": 44,
            "column": 18
          },
          "end": {
            "line": 46,
            "column": 3
          }
        },
        "line": 44
      },
      "6": {
        "name": "(anonymous_6)",
        "decl": {
          "start": {
            "line": 61,
            "column": 10
          },
          "end": {
            "line": 61,
            "column": 11
          }
        },
        "loc": {
          "start": {
            "line": 61,
            "column": 48
          },
          "end": {
            "line": 76,
            "column": 11
          }
        },
        "line": 61
      },
      "7": {
        "name": "(anonymous_7)",
        "decl": {
          "start": {
            "line": 98,
            "column": 52
          },
          "end": {
            "line": 98,
            "column": 53
          }
        },
        "loc": {
          "start": {
            "line": 98,
            "column": 63
          },
          "end": {
            "line": 100,
            "column": 1
          }
        },
        "line": 98
      },
      "8": {
        "name": "(anonymous_8)",
        "decl": {
          "start": {
            "line": 107,
            "column": 52
          },
          "end": {
            "line": 107,
            "column": 53
          }
        },
        "loc": {
          "start": {
            "line": 107,
            "column": 72
          },
          "end": {
            "line": 116,
            "column": 3
          }
        },
        "line": 107
      },
      "9": {
        "name": "(anonymous_9)",
        "decl": {
          "start": {
            "line": 109,
            "column": 27
          },
          "end": {
            "line": 109,
            "column": 28
          }
        },
        "loc": {
          "start": {
            "line": 109,
            "column": 44
          },
          "end": {
            "line": 115,
            "column": 5
          }
        },
        "line": 109
      }
    },
    "branchMap": {
      "0": {
        "loc": {
          "start": {
            "line": 3,
            "column": 20
          },
          "end": {
            "line": 3,
            "column": 97
          }
        },
        "type": "binary-expr",
        "locations": [
          {
            "start": {
              "line": 3,
              "column": 20
            },
            "end": {
              "line": 3,
              "column": 60
            }
          },
          {
            "start": {
              "line": 3,
              "column": 64
            },
            "end": {
              "line": 3,
              "column": 97
            }
          }
        ],
        "line": 3
      },
      "1": {
        "loc": {
          "start": {
            "line": 6,
            "column": 0
          },
          "end": {
            "line": 16,
            "column": 1
          }
        },
        "type": "if",
        "locations": [
          {
            "start": {
              "line": 6,
              "column": 0
            },
            "end": {
              "line": 16,
              "column": 1
            }
          },
          {
            "start": {},
            "end": {}
          }
        ],
        "line": 6
      },
      "2": {
        "loc": {
          "start": {
            "line": 6,
            "column": 4
          },
          "end": {
            "line": 6,
            "column": 35
          }
        },
        "type": "binary-expr",
        "locations": [
          {
            "start": {
              "line": 6,
              "column": 4
            },
            "end": {
              "line": 6,
              "column": 19
            }
          },
          {
            "start": {
              "line": 6,
              "column": 23
            },
            "end": {
              "line": 6,
              "column": 35
            }
          }
        ],
        "line": 6
      },
      "3": {
        "loc": {
          "start": {
            "line": 7,
            "column": 2
          },
          "end": {
            "line": 9,
            "column": 3
          }
        },
        "type": "if",
        "locations": [
          {
            "start": {
              "line": 7,
              "column": 2
            },
            "end": {
              "line": 9,
              "column": 3
            }
          },
          {
            "start": {},
            "end": {}
          }
        ],
        "line": 7
      },
      "4": {
        "loc": {
          "start": {
            "line": 104,
            "column": 0
          },
          "end": {
            "line": 117,
            "column": 1
          }
        },
        "type": "if",
        "locations": [
          {
            "start": {
              "line": 104,
              "column": 0
            },
            "end": {
              "line": 117,
              "column": 1
            }
          },
          {
            "start": {},
            "end": {}
          }
        ],
        "line": 104
      },
      "5": {
        "loc": {
          "start": {
            "line": 104,
            "column": 4
          },
          "end": {
            "line": 104,
            "column": 35
          }
        },
        "type": "binary-expr",
        "locations": [
          {
            "start": {
              "line": 104,
              "column": 4
            },
            "end": {
              "line": 104,
              "column": 19
            }
          },
          {
            "start": {
              "line": 104,
              "column": 23
            },
            "end": {
              "line": 104,
              "column": 35
            }
          }
        ],
        "line": 104
      },
      "6": {
        "loc": {
          "start": {
            "line": 110,
            "column": 6
          },
          "end": {
            "line": 111,
            "column": 15
          }
        },
        "type": "if",
        "locations": [
          {
            "start": {
              "line": 110,
              "column": 6
            },
            "end": {
              "line": 111,
              "column": 15
            }
          },
          {
            "start": {},
            "end": {}
          }
        ],
        "line": 110
      },
      "7": {
        "loc": {
          "start": {
            "line": 113,
            "column": 6
          },
          "end": {
            "line": 114,
            "column": 54
          }
        },
        "type": "if",
        "locations": [
          {
            "start": {
              "line": 113,
              "column": 6
            },
            "end": {
              "line": 114,
              "column": 54
            }
          },
          {
            "start": {},
            "end": {}
          }
        ],
        "line": 113
      }
    },
    "s": {
      "0": 2,
      "1": 2,
      "2": 2,
      "3": 0,
      "4": 2,
      "5": 2,
      "6": 2,
      "7": 2,
      "8": 2,
      "9": 2,
      "10": 5,
      "11": 5,
      "12": 14,
      "13": 5,
      "14": 14,
      "15": 5,
      "16": 5,
      "17": 1,
      "18": 1,
      "19": 1,
      "20": 5,
      "21": 1,
      "22": 5,
      "23": 5,
      "24": 72,
      "25": 2,
      "26": 1,
      "27": 2,
      "28": 2,
      "29": 2,
      "30": 2,
      "31": 2,
      "32": 2,
      "33": 2,
      "34": 2,
      "35": 0,
      "36": 0,
      "37": 0,
      "38": 0,
      "39": 0
    },
    "f": {
      "0": 2,
      "1": 5,
      "2": 14,
      "3": 14,
      "4": 1,
      "5": 1,
      "6": 72,
      "7": 1,
      "8": 2,
      "9": 0
    },
    "b": {
      "0": [
        2,
        0
      ],
      "1": [
        2,
        0
      ],
      "2": [
        2,
        2
      ],
      "3": [
        0,
        2
      ],
      "4": [
        2,
        0
      ],
      "5": [
        2,
        2
      ],
      "6": [
        0,
        0
      ],
      "7": [
        0,
        0
      ]
    },
    "inputSourceMap": {
      "version": 3,
      "mappings": "AAiCM;2BAjCN;AAAA;AAAA;AAAA;AAAA;AAAA;AAAA;AAAA;AAAA;AAAA;AAAA;AAAA;AAAA;AAAA;AAAA;AAAA;AAAA;AAAA,EACEA;AAAAA,EACAC;AAAAA,EACAC;AAAAA,OAEK;AACP,SAASC,aAAaC,mBAAmB;AAEzC,SAASC,iBAAiB;AAC1B,SAASC,yBAAyB;AAClC,SAASC,wBAAwB;AACjC,SAASC,sBAAsB;AAC/B,OAAO;AACP,SAASC,8BAA8B;AAChC,gBAASC,WAAW;AAAAC,KAAA;AACzB,QAAMC,eAAeR;AAAAA,IACnB,CAACS,UAAqBA,MAAMC,iBAAiBF;AAAAA,EAC/C;AACA,QAAMG,WAAWX;AAAAA,IACf,CAACS,UAAqBA,MAAMG,eAAeC;AAAAA,EAC7C;AACA,QAAMC,gBAA6Bf,YAAY;AAC/C,QAAMgB,uBAAuBA,CAACC,UAA6B;AACzD,UAAMC,wBAAgCD,MAAME,OAAOC;AACnDL,kBAAcT,uBAAuBY,qBAAqB,CAAC;AAC3DH,kBAAcZ,kBAAkB,CAAC;AAAA,EACnC;AACAD,YAAU,MAAM;AACda,kBAAcX,iBAAiB,CAAC;AAAA,EAClC,GAAG,EAAE;AACL,QAAM,EAAEiB,EAAE,IAAIhB,eAAe;AAC7B,SACE,uBAAC,SAAI,WAAU,wBACb;AAAA,2BAAC,QAAIgB,YAAE,qBAAqB,KAA5B;AAAA;AAAA;AAAA;AAAA,WAA8B;AAAA,IAC9B,uBAAC,eACC;AAAA,MAAC;AAAA;AAAA,QACC,OAAOT;AAAAA,QACP,UAAUI;AAAAA,QACV,YAAY,EAAE,cAAc,gBAAgB;AAAA,QAE3CP,uBAAaa;AAAAA,UAAI,CAACV,WAAUW,UAC3B;AAAA,YAAC;AAAA;AAAA,cAEC,OAAOX;AAAAA,cACP,UAAUW,UAAUd,aAAae,SAAS;AAAA,cAEzCZ;AAAAA;AAAAA,YAJIW,QAAQ;AAAA,YADf;AAAA;AAAA;AAAA;AAAA;AAAA;AAAA;AAAA,UAMA;AAAA,QACD;AAAA;AAAA,MAbH;AAAA;AAAA;AAAA;AAAA;AAAA;AAAA;AAAA;AAAA,IAcA,KAfF;AAAA;AAAA;AAAA;AAAA,WAgBA;AAAA,OAlBF;AAAA;AAAA;AAAA;AAAA,SAmBA;AAEJ;AAACf,GAvCeD,UAAQ;AAAA,UACDN,aAGJA,aAGkBD,aASrBK,cAAc;AAAA;AAAAoB,KAhBdlB;AAAQ,IAAAkB;AAAAC,aAAAD,IAAA",
      "names": [
        "FormControl",
        "MenuItem",
        "Select",
        "useDispatch",
        "useSelector",
        "useEffect",
        "getPropertyConfig",
        "getPropertyNames",
        "useTranslation",
        "updateSelectedProperty",
        "Property",
        "_s",
        "propertyList",
        "state",
        "propertyNameInfo",
        "property",
        "searchRoomInfo",
        "selectedProperty",
        "reduxDispatch",
        "handlePropertyChange",
        "event",
        "selectedPropertyValue",
        "target",
        "value",
        "t",
        "map",
        "index",
        "length",
        "_c",
        "$RefreshReg$"
      ],
      "sources": [
        "C:/IBE/IBE-FrontendFolder/TEAM-18-KDU-IBE-FE/src/Component/Search/property/Property.tsx"
      ],
      "file": "C:/IBE/IBE-FrontendFolder/TEAM-18-KDU-IBE-FE/src/Component/Search/property/Property.tsx"
    },
    "_coverageSchema": "1a1c01bbd47fc00a2c39e90264f33305004495a9",
    "hash": "2b30bb39a2ad612e2c9362b2c239b79c423e4478"
  },
  "C:/IBE/IBE-FrontendFolder/TEAM-18-KDU-IBE-FE/src/redux/PropertyConfigSlice.ts": {
    "path": "C:/IBE/IBE-FrontendFolder/TEAM-18-KDU-IBE-FE/src/redux/PropertyConfigSlice.ts",
    "statementMap": {
      "0": {
        "start": {
          "line": 3,
          "column": 21
        },
        "end": {
          "line": 22,
          "column": 1
        }
      },
      "1": {
        "start": {
          "line": 23,
          "column": 28
        },
        "end": {
          "line": 101,
          "column": 2
        }
      },
      "2": {
        "start": {
          "line": 28,
          "column": 35
        },
        "end": {
          "line": 28,
          "column": 49
        }
      },
      "3": {
        "start": {
          "line": 29,
          "column": 6
        },
        "end": {
          "line": 32,
          "column": 7
        }
      },
      "4": {
        "start": {
          "line": 30,
          "column": 8
        },
        "end": {
          "line": 30,
          "column": 55
        }
      },
      "5": {
        "start": {
          "line": 31,
          "column": 8
        },
        "end": {
          "line": 31,
          "column": 73
        }
      },
      "6": {
        "start": {
          "line": 35,
          "column": 6
        },
        "end": {
          "line": 35,
          "column": 59
        }
      },
      "7": {
        "start": {
          "line": 38,
          "column": 22
        },
        "end": {
          "line": 38,
          "column": 24
        }
      },
      "8": {
        "start": {
          "line": 39,
          "column": 6
        },
        "end": {
          "line": 43,
          "column": 9
        }
      },
      "9": {
        "start": {
          "line": 40,
          "column": 8
        },
        "end": {
          "line": 42,
          "column": 9
        }
      },
      "10": {
        "start": {
          "line": 41,
          "column": 10
        },
        "end": {
          "line": 41,
          "column": 64
        }
      },
      "11": {
        "start": {
          "line": 44,
          "column": 6
        },
        "end": {
          "line": 44,
          "column": 61
        }
      },
      "12": {
        "start": {
          "line": 47,
          "column": 6
        },
        "end": {
          "line": 49,
          "column": 8
        }
      },
      "13": {
        "start": {
          "line": 48,
          "column": 18
        },
        "end": {
          "line": 48,
          "column": 61
        }
      },
      "14": {
        "start": {
          "line": 52,
          "column": 6
        },
        "end": {
          "line": 52,
          "column": 41
        }
      },
      "15": {
        "start": {
          "line": 55,
          "column": 20
        },
        "end": {
          "line": 55,
          "column": 34
        }
      },
      "16": {
        "start": {
          "line": 56,
          "column": 6
        },
        "end": {
          "line": 56,
          "column": 67
        }
      },
      "17": {
        "start": {
          "line": 59,
          "column": 38
        },
        "end": {
          "line": 59,
          "column": 52
        }
      },
      "18": {
        "start": {
          "line": 60,
          "column": 20
        },
        "end": {
          "line": 60,
          "column": 70
        }
      },
      "19": {
        "start": {
          "line": 61,
          "column": 6
        },
        "end": {
          "line": 65,
          "column": 7
        }
      },
      "20": {
        "start": {
          "line": 62,
          "column": 8
        },
        "end": {
          "line": 62,
          "column": 56
        }
      },
      "21": {
        "start": {
          "line": 64,
          "column": 8
        },
        "end": {
          "line": 64,
          "column": 60
        }
      },
      "22": {
        "start": {
          "line": 69,
          "column": 4
        },
        "end": {
          "line": 99,
          "column": 7
        }
      },
      "23": {
        "start": {
          "line": 70,
          "column": 6
        },
        "end": {
          "line": 70,
          "column": 30
        }
      },
      "24": {
        "start": {
          "line": 74,
          "column": 8
        },
        "end": {
          "line": 74,
          "column": 34
        }
      },
      "25": {
        "start": {
          "line": 75,
          "column": 8
        },
        "end": {
          "line": 75,
          "column": 45
        }
      },
      "26": {
        "start": {
          "line": 76,
          "column": 8
        },
        "end": {
          "line": 78,
          "column": 10
        }
      },
      "27": {
        "start": {
          "line": 77,
          "column": 20
        },
        "end": {
          "line": 77,
          "column": 50
        }
      },
      "28": {
        "start": {
          "line": 79,
          "column": 8
        },
        "end": {
          "line": 79,
          "column": 51
        }
      },
      "29": {
        "start": {
          "line": 80,
          "column": 8
        },
        "end": {
          "line": 80,
          "column": 73
        }
      },
      "30": {
        "start": {
          "line": 81,
          "column": 8
        },
        "end": {
          "line": 81,
          "column": 63
        }
      },
      "31": {
        "start": {
          "line": 82,
          "column": 8
        },
        "end": {
          "line": 82,
          "column": 61
        }
      },
      "32": {
        "start": {
          "line": 83,
          "column": 27
        },
        "end": {
          "line": 85,
          "column": 9
        }
      },
      "33": {
        "start": {
          "line": 84,
          "column": 21
        },
        "end": {
          "line": 84,
          "column": 44
        }
      },
      "34": {
        "start": {
          "line": 86,
          "column": 8
        },
        "end": {
          "line": 86,
          "column": 62
        }
      },
      "35": {
        "start": {
          "line": 87,
          "column": 8
        },
        "end": {
          "line": 87,
          "column": 49
        }
      },
      "36": {
        "start": {
          "line": 88,
          "column": 8
        },
        "end": {
[...]
        "end": {
          "line": 37,
          "column": 2
        }
      },
      "2": {
        "start": {
          "line": 20,
          "column": 4
        },
        "end": {
          "line": 35,
          "column": 7
        }
      },
      "3": {
        "start": {
          "line": 21,
          "column": 6
        },
        "end": {
          "line": 21,
          "column": 30
        }
      },
      "4": {
        "start": {
          "line": 23,
          "column": 6
        },
        "end": {
          "line": 23,
          "column": 53
        }
      },
      "5": {
        "start": {
          "line": 24,
          "column": 6
        },
        "end": {
          "line": 24,
          "column": 57
        }
      },
      "6": {
        "start": {
          "line": 25,
          "column": 6
        },
        "end": {
          "line": 25,
          "column": 55
        }
      },
      "7": {
        "start": {
          "line": 26,
          "column": 6
        },
        "end": {
          "line": 26,
          "column": 51
        }
      },
      "8": {
        "start": {
          "line": 27,
          "column": 6
        },
        "end": {
          "line": 27,
          "column": 41
        }
      },
      "9": {
        "start": {
          "line": 28,
          "column": 6
        },
        "end": {
          "line": 28,
          "column": 53
        }
      },
      "10": {
        "start": {
          "line": 29,
          "column": 6
        },
        "end": {
          "line": 29,
          "column": 41
        }
      },
      "11": {
        "start": {
          "line": 30,
          "column": 6
        },
        "end": {
          "line": 30,
          "column": 73
        }
      },
      "12": {
        "start": {
          "line": 31,
          "column": 6
        },
        "end": {
          "line": 31,
          "column": 32
        }
      },
      "13": {
        "start": {
          "line": 33,
          "column": 6
        },
        "end": {
          "line": 33,
          "column": 48
        }
      },
      "14": {
        "start": {
          "line": 34,
          "column": 6
        },
        "end": {
          "line": 34,
          "column": 31
        }
      },
      "15": {
        "start": {
          "line": 38,
          "column": 29
        },
        "end": {
          "line": 38,
          "column": 54
        }
      }
    },
    "fnMap": {
      "0": {
        "name": "(anonymous_0)",
        "decl": {
          "start": {
            "line": 19,
            "column": 2
          },
          "end": {
            "line": 19,
            "column": 3
          }
        },
        "loc": {
          "start": {
            "line": 19,
            "column": 25
          },
          "end": {
            "line": 36,
            "column": 3
          }
        },
        "line": 19
      },
      "1": {
        "name": "(anonymous_1)",
        "decl": {
          "start": {
            "line": 20,
            "column": 45
          },
          "end": {
            "line": 20,
            "column": 46
          }
        },
        "loc": {
          "start": {
            "line": 20,
            "column": 56
          },
          "end": {
            "line": 22,
            "column": 5
          }
        },
        "line": 20
      },
      "2": {
        "name": "(anonymous_2)",
        "decl": {
          "start": {
            "line": 22,
            "column": 42
          },
          "end": {
            "line": 22,
            "column": 43
          }
        },
        "loc": {
          "start": {
            "line": 22,
            "column": 61
          },
          "end": {
            "line": 32,
            "column": 5
          }
        },
        "line": 22
      },
      "3": {
        "name": "(anonymous_3)",
        "decl": {
          "start": {
            "line": 32,
            "column": 41
          },
          "end": {
            "line": 32,
            "column": 42
          }
        },
        "loc": {
          "start": {
            "line": 32,
            "column": 60
          },
          "end": {
            "line": 35,
            "column": 5
          }
        },
        "line": 32
      }
    },
    "branchMap": {},
    "s": {
      "0": 2,
      "1": 2,
      "2": 2,
      "3": 3,
      "4": 3,
      "5": 3,
      "6": 3,
      "7": 3,
      "8": 3,
      "9": 3,
      "10": 3,
      "11": 3,
      "12": 3,
      "13": 0,
      "14": 0,
      "15": 2
    },
    "f": {
      "0": 2,
      "1": 3,
      "2": 3,
      "3": 0
    },
    "b": {},
    "inputSourceMap": {
      "version": 3,
      "sources": [
        "C:/IBE/IBE-FrontendFolder/TEAM-18-KDU-IBE-FE/src/redux/TenantConfigSlice.ts"
      ],
      "mappings": "AAAA,SAAS,mBAAmB;AAC5B,SAAS,uBAAuB;AAahC,MAAM,eAAmC;AAAA,EACvC,aAAa;AAAA,EACb,eAAe;AAAA,EACf,cAAc;AAAA,EACd,YAAY;AAAA,EACZ,OAAO;AAAA,EACP,aAAa;AAAA,EACb,OAAO;AAAA,EACP,uBAAuB;AAAA,EACvB,OAAO;AAAA,EACP,cAAc;AAChB;AACA,MAAM,oBAAoB,YAAY;AAAA,EACpC,MAAM;AAAA,EACN;AAAA,EACA,UAAU,CAAC;AAAA,EACX,cAAc,SAAS;AACrB,YACG,QAAQ,gBAAgB,SAAS,CAAC,UAAU;AAC3C,YAAM,QAAQ;AAAA,IAChB,CAAC,EACA,QAAQ,gBAAgB,WAAW,CAAC,OAAO,WAAW;AACrD,YAAM,cAAc,OAAO,QAAQ;AACnC,YAAM,gBAAgB,OAAO,QAAQ;AACrC,YAAM,eAAe,OAAO,QAAQ;AACpC,YAAM,aAAa,OAAO,QAAQ;AAClC,YAAM,QAAQ,OAAO,QAAQ;AAC7B,YAAM,cAAc,OAAO,QAAQ;AACnC,YAAM,QAAQ,OAAO,QAAQ;AAC7B,YAAM,wBAAwB,OAAO,QAAQ;AAC7C,YAAM,QAAQ;AAAA,IAChB,CAAC,EACA,QAAQ,gBAAgB,UAAU,CAAC,OAAO,WAAW;AACpD,YAAM,eAAe,OAAO,MAAM;AAClC,YAAM,QAAQ;AAAA,IAChB,CAAC;AAAA,EACL;AACF,CAAC;AAEM,aAAM,gBAAgB,kBAAkB;",
      "names": []
    },
    "_coverageSchema": "1a1c01bbd47fc00a2c39e90264f33305004495a9",
    "hash": "0ff936cbf8cf7892bf9df07b64aec380b3be21c2"
  },
  "C:/IBE/IBE-FrontendFolder/TEAM-18-KDU-IBE-FE/src/redux/PropertyNameSlice.ts": {
    "path": "C:/IBE/IBE-FrontendFolder/TEAM-18-KDU-IBE-FE/src/redux/PropertyNameSlice.ts",
    "statementMap": {
      "0": {
        "start": {
          "line": 3,
          "column": 21
        },
        "end": {
          "line": 8,
          "column": 1
        }
      },
      "1": {
        "start": {
          "line": 9,
          "column": 26
        },
        "end": {
          "line": 30,
          "column": 2
        }
      },
      "2": {
        "start": {
          "line": 14,
          "column": 4
        },
        "end": {
          "line": 28,
          "column": 7
        }
      },
      "3": {
        "start": {
          "line": 15,
          "column": 6
        },
        "end": {
          "line": 15,
          "column": 30
        }
      },
      "4": {
        "start": {
          "line": 19,
          "column": 8
        },
        "end": {
          "line": 19,
          "column": 34
        }
      },
      "5": {
        "start": {
          "line": 20,
          "column": 8
        },
        "end": {
          "line": 20,
          "column": 68
        }
      },
      "6": {
        "start": {
          "line": 21,
          "column": 8
        },
        "end": {
          "line": 23,
          "column": 10
        }
      },
      "7": {
        "start": {
          "line": 22,
          "column": 24
        },
        "end": {
          "line": 22,
          "column": 46
        }
      },
      "8": {
        "start": {
          "line": 26,
          "column": 6
        },
        "end": {
          "line": 26,
          "column": 48
        }
      },
      "9": {
        "start": {
          "line": 27,
          "column": 6
        },
        "end": {
          "line": 27,
          "column": 31
        }
      },
      "10": {
        "start": {
          "line": 31,
          "column": 35
        },
        "end": {
          "line": 31,
          "column": 60
        }
      }
    },
    "fnMap": {
      "0": {
        "name": "(anonymous_0)",
        "decl": {
          "start": {
            "line": 13,
            "column": 2
          },
          "end": {
            "line": 13,
            "column": 3
          }
        },
        "loc": {
          "start": {
            "line": 13,
            "column": 25
          },
          "end": {
            "line": 29,
            "column": 3
          }
        },
        "line": 13
      },
      "1": {
        "name": "(anonymous_1)",
        "decl": {
          "start": {
            "line": 14,
            "column": 46
          },
          "end": {
            "line": 14,
            "column": 47
          }
        },
        "loc": {
          "start": {
            "line": 14,
            "column": 57
          },
          "end": {
            "line": 16,
            "column": 5
          }
        },
        "line": 14
      },
      "2": {
        "name": "(anonymous_2)",
        "decl": {
          "start": {
            "line": 18,
            "column": 6
          },
          "end": {
            "line": 18,
            "column": 7
          }
        },
        "loc": {
          "start": {
            "line": 18,
            "column": 25
          },
          "end": {
            "line": 24,
            "column": 7
          }
        },
        "line": 18
      },
      "3": {
        "name": "(anonymous_3)",
        "decl": {
          "start": {
            "line": 22,
            "column": 10
          },
          "end": {
            "line": 22,
            "column": 11
          }
        },
        "loc": {
          "start": {
            "line": 22,
            "column": 24
          },
          "end": {
            "line": 22,
            "column": 46
          }
        },
        "line": 22
      },
      "4": {
        "name": "(anonymous_4)",
        "decl": {
          "start": {
            "line": 25,
            "column": 41
          },
          "end": {
            "line": 25,
            "column": 42
          }
        },
        "loc": {
          "start": {
            "line": 25,
            "column": 60
          },
          "end": {
            "line": 28,
            "column": 5
          }
        },
        "line": 25
      }
    },
    "branchMap": {},
    "s": {
      "0": 2,
      "1": 2,
      "2": 2,
      "3": 1,
      "4": 1,
      "5": 1,
      "6": 1,
      "7": 18,
      "8": 0,
      "9": 0,
      "10": 2
    },
    "f": {
      "0": 2,
      "1": 1,
      "2": 1,
      "3": 18,
      "4": 0
    },
    "b": {},
    "inputSourceMap": {
      "version": 3,
      "sources": [
        "C:/IBE/IBE-FrontendFolder/TEAM-18-KDU-IBE-FE/src/redux/PropertyNameSlice.ts"
      ],
      "mappings": "AAAA,SAAwB,mBAAmB;AAE3C,SAAS,wBAAwB;AAUjC,MAAM,eAA+B;AAAA,EACnC,kBAAkB,CAAC;AAAA,EACnB,cAAc,CAAC;AAAA,EACf,OAAO;AAAA,EACP,cAAc;AAChB;AACA,MAAM,oBAAoB,YAAY;AAAA,EACpC,MAAM;AAAA,EACN;AAAA,EACA,UAAU,CAAC;AAAA,EACX,cAAc,SAAS;AACrB,YACG,QAAQ,iBAAiB,SAAS,CAAC,UAAU;AAC5C,YAAM,QAAQ;AAAA,IAChB,CAAC,EACA;AAAA,MACC,iBAAiB;AAAA,MACjB,CAAC,OAAO,WAA6C;AACnD,cAAM,QAAQ;AACd,cAAM,mBAAmB,OAAO,QAAQ,KAAK;AAC7C,cAAM,eAAe,MAAM,iBAAiB;AAAA,UAC1C,CAAC,aAAa,SAAS;AAAA,QACzB;AAAA,MACF;AAAA,IACF,EACC,QAAQ,iBAAiB,UAAU,CAAC,OAAO,WAAW;AACrD,YAAM,eAAe,OAAO,MAAM;AAClC,YAAM,QAAQ;AAAA,IAChB,CAAC;AAAA,EACL;AACF,CAAC;AAEM,aAAM,sBAAsB,kBAAkB;",
      "names": []
    },
    "_coverageSchema": "1a1c01bbd47fc00a2c39e90264f33305004495a9",
    "hash": "30d9f157ed3edb9f8ef613a2b592a6b2f59a6302"
  },
  "C:/IBE/IBE-FrontendFolder/TEAM-18-KDU-IBE-FE/src/redux/StepperSlice.ts": {
    "path": "C:/IBE/IBE-FrontendFolder/TEAM-18-KDU-IBE-FE/src/redux/StepperSlice.ts",
    "statementMap": {
      "0": {
        "start": {
          "line": 2,
          "column": 21
        },
        "end": {
          "line": 5,
          "column": 1
        }
      },
      "1": {
        "start": {
          "line": 6,
          "column": 21
        },
        "end": {
          "line": 18,
          "column": 2
        }
      },
      "2": {
        "start": {
          "line": 11,
          "column": 6
        },
        "end": {
          "line": 15,
          "column": 7
        }
      },
      "3": {
        "start": {
          "line": 12,
          "column": 8
        },
        "end": {
          "line": 12,
          "column": 32
        }
      },
      "4": {
        "start": {
          "line": 14,
          "column": 8
        },
        "end": {
          "line": 14,
          "column": 45
        }
      },
      "5": {
        "start": {
          "line": 19,
          "column": 30
        },
        "end": {
          "line": 19,
          "column": 50
        }
      }
    },
    "fnMap": {
      "0": {
        "name": "(anonymous_0)",
        "decl": {
          "start": {
            "line": 10,
            "column": 26
          },
          "end": {
            "line": 10,
            "column": 27
          }
        },
        "loc": {
          "start": {
            "line": 10,
            "column": 45
          },
          "end": {
            "line": 16,
            "column": 5
          }
        },
        "line": 10
      }
    },
    "branchMap": {
      "0": {
        "loc": {
          "start": {
            "line": 11,
            "column": 6
          },
          "end": {
            "line": 15,
            "column": 7
          }
        },
        "type": "if",
        "locations": [
          {
            "start": {
              "line": 11,
              "column": 6
            },
            "end": {
              "line": 15,
              "column": 7
            }
          },
          {
            "start": {
              "line": 13,
              "column": 13
            },
            "end": {
              "line": 15,
              "column": 7
            }
          }
        ],
        "line": 11
      }
    },
    "s": {
      "0": 2,
      "1": 2,
      "2": 0,
      "3": 0,
      "4": 0,
      "5": 2
    },
    "f": {
      "0": 0
    },
    "b": {
      "0": [
        0,
        0
      ]
    },
    "inputSourceMap": {
      "version": 3,
      "sources": [
        "C:/IBE/IBE-FrontendFolder/TEAM-18-KDU-IBE-FE/src/redux/StepperSlice.ts"
      ],
      "mappings": "AAAA,SAAwB,mBAAmB;AAK3C,MAAM,eAA8B;AAAA,EAClC,cAAc;AAAA,EACd,aAAa,CAAC,OAAO,OAAO,KAAK;AACnC;AACA,MAAM,eAAe,YAAY;AAAA,EAC/B,MAAM;AAAA,EACN;AAAA,EACA,UAAU;AAAA,IACR,sBAAsB,CAAC,OAAO,WAAkC;AAC9D,UAAI,MAAM,YAAY,OAAO,OAAO,MAAM,OAAO;AAC/C,cAAM,gBAAgB;AAAA,MACxB,OAAO;AACL,cAAM,gBAAgB,OAAO;AAAA,MAC/B;AAAA,IACF;AAAA,EACF;AACF,CAAC;AACM,aAAM,iBAAiB,aAAa;",
      "names": []
    },
    "_coverageSchema": "1a1c01bbd47fc00a2c39e90264f33305004495a9",
    "hash": "0f9e801f2d01284014501b21b56e1df6e66adeb9"
  },
  "C:/IBE/IBE-FrontendFolder/TEAM-18-KDU-IBE-FE/src/redux/Store.ts": {
    "path": "C:/IBE/IBE-FrontendFolder/TEAM-18-KDU-IBE-FE/src/redux/Store.ts",
    "statementMap": {
      "0": {
        "start": {
          "line": 10,
          "column": 21
        },
        "end": {
          "line": 21,
          "column": 2
        }
      }
    },
    "fnMap": {},
    "branchMap": {},
    "s": {
      "0": 2
    },
    "f": {},
    "b": {},
    "inputSourceMap": {
      "version": 3,
      "sources": [
        "C:/IBE/IBE-FrontendFolder/TEAM-18-KDU-IBE-FE/src/redux/Store.ts"
      ],
      "mappings": "AAwCA,SAAS,sBAAsB;AAC/B,SAAS,uBAAuB;AAChC,SAAS,yBAAyB;AAClC,SAAS,qBAAqB;AAC9B,SAAS,2BAA2B;AACpC,SAAS,6BAA6B;AACtC,SAAS,sBAAsB;AAC/B,SAAS,yBAAyB;AAClC,SAAS,qBAAqB;AACvB,aAAM,QAAQ,eAAe;AAAA,EAClC,SAAS;AAAA,IACP,cAAc;AAAA,IACd,gBAAgB;AAAA,IAChB,YAAY;AAAA,IACZ,kBAAkB;AAAA,IAClB,oBAAoB;AAAA,IACpB,SAAS;AAAA,IACT,YAAY;AAAA,IACZ,YAAW;AAAA,EACb;AACF,CAAC;",
      "names": []
    },
    "_coverageSchema": "1a1c01bbd47fc00a2c39e90264f33305004495a9",
    "hash": "38277451a4669f59d06ffdcca51f5b97b281f217"
  },
  "C:/IBE/IBE-FrontendFolder/TEAM-18-KDU-IBE-FE/src/utils/SentryUtils.ts": {
    "path": "C:/IBE/IBE-FrontendFolder/TEAM-18-KDU-IBE-FE/src/utils/SentryUtils.ts",
    "statementMap": {
      "0": {
        "start": {
          "line": 2,
          "column": 32
        },
        "end": {
          "line": 18,
          "column": 1
        }
      },
      "1": {
        "start": {
          "line": 3,
          "column": 14
        },
        "end": {
          "line": 3,
          "column": 55
        }
      },
      "2": {
        "start": {
          "line": 4,
          "column": 2
        },
        "end": {
          "line": 17,
          "column": 5
        }
      }
    },
    "fnMap": {
      "0": {
        "name": "(anonymous_0)",
        "decl": {
          "start": {
            "line": 2,
            "column": 32
          },
          "end": {
            "line": 2,
            "column": 33
          }
        },
        "loc": {
          "start": {
            "line": 2,
            "column": 38
          },
          "end": {
            "line": 18,
            "column": 1
          }
        },
        "line": 2
      }
    },
    "branchMap": {},
    "s": {
      "0": 2,
      "1": 0,
      "2": 0
    },
    "f": {
      "0": 0
    },
    "b": {},
    "inputSourceMap": {
      "version": 3,
      "sources": [
        "C:/IBE/IBE-FrontendFolder/TEAM-18-KDU-IBE-FE/src/utils/SentryUtils.ts"
      ],
      "mappings": "AAAA,YAAY,YAAY;AACjB,aAAM,mBAAmB,MAAM;AACpC,QAAM,MAAM,YAAY,IAAI;AAC5B,SAAO,KAAK;AAAA,IACV;AAAA,IACA,cAAc;AAAA,MACZ,OAAO,0BAA0B;AAAA,MACjC,OAAO,kBAAkB;AAAA,QACvB,aAAa;AAAA,QACb,eAAe;AAAA,MACjB,CAAC;AAAA,IACH;AAAA,IACA,kBAAkB;AAAA,IAClB,yBAAyB,CAAC,aAAa,gCAAgC;AAAA,IACvE,0BAA0B;AAAA,IAC1B,0BAA0B;AAAA,EAC5B,CAAC;AACH;",
      "names": []
    },
    "_coverageSchema": "1a1c01bbd47fc00a2c39e90264f33305004495a9",
    "hash": "727e3984c2af401a23f1dfe490a6d4ca367ab60b"
  },
  "C:/IBE/IBE-FrontendFolder/TEAM-18-KDU-IBE-FE/src/main.tsx": {
    "path": "C:/IBE/IBE-FrontendFolder/TEAM-18-KDU-IBE-FE/src/main.tsx",
    "statementMap": {
      "0": {
        "start": {
          "line": 8,
          "column": 0
        },
        "end": {
          "line": 10,
          "column": 1
        }
      },
      "1": {
        "start": {
          "line": 9,
          "column": 2
        },
        "end": {
          "line": 9,
          "column": 21
        }
      },
      "2": {
        "start": {
          "line": 11,
          "column": 0
        },
        "end": {
          "line": 23,
          "column": 2
        }
      }
    },
    "fnMap": {},
    "branchMap": {
      "0": {
        "loc": {
          "start": {
            "line": 8,
            "column": 0
          },
          "end": {
            "line": 10,
            "column": 1
          }
        },
        "type": "if",
        "locations": [
          {
            "start": {
              "line": 8,
              "column": 0
            },
            "end": {
              "line": 10,
              "column": 1
            }
          },
          {
            "start": {},
            "end": {}
          }
        ],
        "line": 8
      }
    },
    "s": {
      "0": 2,
      "1": 0,
      "2": 2
    },
    "f": {},
    "b": {
      "0": [
        0,
        2
      ]
    },
    "inputSourceMap": {
      "version": 3,
      "mappings": "AAaM;AAZN,OAAOA,cAAc;AACrB,OAAOC,SAAS;AAChB,OAAO;AACP,SAASC,gBAAgB;AACzB,SAASC,aAAa;AACtB,SAASC,wBAAwB;AACjC,IAAIC,YAAYC,IAAIC,uBAAuB,QAAQ;AACjDH,mBAAiB;AACnB;AACAJ,SAASQ,WAAWC,SAASC,eAAe,MAAM,CAAE,EAAEC;AAAAA;AAAAA,EAElD,uBAAC,YAAS,OACR,iCAAC,SAAD;AAAA;AAAA;AAAA;AAAA,SAAI,KADN;AAAA;AAAA;AAAA;AAAA,SAEA;AAAA;AAEJ",
      "names": [
        "ReactDOM",
        "App",
        "Provider",
        "store",
        "initializeSentry",
        "import",
        "env",
        "VITE_REACT_APP_ENV",
        "createRoot",
        "document",
        "getElementById",
        "render"
      ],
      "sources": [
        "C:/IBE/IBE-FrontendFolder/TEAM-18-KDU-IBE-FE/src/main.tsx"
      ],
      "file": "C:/IBE/IBE-FrontendFolder/TEAM-18-KDU-IBE-FE/src/main.tsx"
    },
    "_coverageSchema": "1a1c01bbd47fc00a2c39e90264f33305004495a9",
    "hash": "3638594b5f59187aa7af9fee21933874c542e715"
  }
}